<?xml version="1.0" encoding="UTF-8"?>
<testng-results ignored="0" total="1" passed="1" failed="0" skipped="0">
  <reporter-output>
  </reporter-output>
  <suite started-at="2024-12-14T21:09:56 IST" name="Suite" finished-at="2024-12-14T21:10:07 IST" duration-ms="11595">
    <groups>
    </groups>
    <test started-at="2024-12-14T21:09:56 IST" name="Test" finished-at="2024-12-14T21:10:07 IST" duration-ms="11595">
      <class name="com.java_selenium.com.java_selenium.BaseTest">
        <test-method signature="openBrowser()[pri:0, instance:com.java_selenium.com.java_selenium.BaseTest@20140db9]" started-at="2024-12-14T21:09:56 IST" name="openBrowser" finished-at="2024-12-14T21:10:07 IST" duration-ms="11519" status="PASS">
          <reporter-output>
          </reporter-output>
        </test-method> <!-- openBrowser -->
      </class> <!-- com.java_selenium.com.java_selenium.BaseTest -->
    </test> <!-- Test -->
  </suite> <!-- Suite -->
</testng-results>
